[0m20:12:29.929432 [debug] [MainThread]: Sending event: {'category': 'dbt', 'action': 'invocation', 'label': 'start', 'context': [<snowplow_tracker.self_describing_json.SelfDescribingJson object at 0x716fd914afc0>, <snowplow_tracker.self_describing_json.SelfDescribingJson object at 0x716fd6de9340>, <snowplow_tracker.self_describing_json.SelfDescribingJson object at 0x716fd6d4c290>]}


============================== 20:12:29.935409 | b259d003-9748-4687-86f1-28883f038cda ==============================
[0m20:12:29.935409 [info ] [MainThread]: Running with dbt=1.11.8
[0m20:12:29.936695 [debug] [MainThread]: running dbt with arguments {'empty': 'False', 'partial_parse': 'True', 'no_print': 'None', 'debug': 'False', 'quiet': 'False', 'target_path': 'None', 'version_check': 'True', 'invocation_command': 'dbt run --profiles-dir .', 'use_experimental_parser': 'False', 'indirect_selection': 'eager', 'printer_width': '80', 'static_parser': 'True', 'fail_fast': 'False', 'cache_selected_only': 'False', 'log_cache_events': 'False', 'send_anonymous_usage_stats': 'True', 'use_colors': 'True', 'warn_error': 'None', 'warn_error_options': 'WarnErrorOptionsV2(error=[], warn=[], silence=[])', 'log_path': '/workspaces/MCAsb-Pipeline/05_transformation/logs', 'profiles_dir': '.', 'introspect': 'True', 'log_format': 'default', 'write_json': 'True'}
[0m20:12:30.251130 [debug] [MainThread]: Sending event: {'category': 'dbt', 'action': 'project_id', 'label': 'b259d003-9748-4687-86f1-28883f038cda', 'context': [<snowplow_tracker.self_describing_json.SelfDescribingJson object at 0x716fd8c5a720>]}
[0m20:12:30.331314 [debug] [MainThread]: Sending event: {'category': 'dbt', 'action': 'adapter_info', 'label': 'b259d003-9748-4687-86f1-28883f038cda', 'context': [<snowplow_tracker.self_describing_json.SelfDescribingJson object at 0x716fd63787a0>]}
[0m20:12:30.332923 [info ] [MainThread]: Registered adapter: clickhouse=1.10.0
[0m20:12:30.572849 [debug] [MainThread]: checksum: 7d524ac048c2100769df89d592e662e060a73ca564e31bd9c2a37efdfe8d8ab6, vars: {}, profile: , target: , version: 1.11.8
[0m20:12:30.573775 [info ] [MainThread]: Unable to do partial parsing because saved manifest not found. Starting full parse.
[0m20:12:30.574369 [debug] [MainThread]: Sending event: {'category': 'dbt', 'action': 'partial_parser', 'label': 'b259d003-9748-4687-86f1-28883f038cda', 'context': [<snowplow_tracker.self_describing_json.SelfDescribingJson object at 0x716fd614af90>]}
[0m20:12:32.323544 [debug] [MainThread]: Sending event: {'category': 'dbt', 'action': 'load_project', 'label': 'b259d003-9748-4687-86f1-28883f038cda', 'context': [<snowplow_tracker.self_describing_json.SelfDescribingJson object at 0x716fd648b9e0>]}
[0m20:12:32.468927 [debug] [MainThread]: Wrote artifact WritableManifest to /workspaces/MCAsb-Pipeline/05_transformation/target/manifest.json
[0m20:12:32.474429 [debug] [MainThread]: Wrote artifact SemanticManifest to /workspaces/MCAsb-Pipeline/05_transformation/target/semantic_manifest.json
[0m20:12:32.533953 [debug] [MainThread]: Sending event: {'category': 'dbt', 'action': 'resource_counts', 'label': 'b259d003-9748-4687-86f1-28883f038cda', 'context': [<snowplow_tracker.self_describing_json.SelfDescribingJson object at 0x716fd5dba750>]}
[0m20:12:32.538157 [info ] [MainThread]: Found 523 macros
[0m20:12:32.540294 [debug] [MainThread]: Sending event: {'category': 'dbt', 'action': 'runnable_timing', 'label': 'b259d003-9748-4687-86f1-28883f038cda', 'context': [<snowplow_tracker.self_describing_json.SelfDescribingJson object at 0x716fd60dd880>]}
[0m20:12:32.559878 [warn ] [MainThread]: Nothing to do. Try checking your model configs and model specification args
[0m20:12:32.568837 [debug] [MainThread]: Command end result
[0m20:12:32.635169 [debug] [MainThread]: Wrote artifact WritableManifest to /workspaces/MCAsb-Pipeline/05_transformation/target/manifest.json
[0m20:12:32.637216 [debug] [MainThread]: Wrote artifact SemanticManifest to /workspaces/MCAsb-Pipeline/05_transformation/target/semantic_manifest.json
[0m20:12:32.640610 [debug] [MainThread]: Wrote artifact RunExecutionResult to /workspaces/MCAsb-Pipeline/05_transformation/target/run_results.json
[0m20:12:32.642825 [debug] [MainThread]: Resource report: {"command_name": "run", "command_success": true, "command_wall_clock_time": 2.7910364, "process_in_blocks": "12976", "process_kernel_time": 0.423093, "process_mem_max_rss": "127828", "process_out_blocks": "3584", "process_user_time": 4.799315}
[0m20:12:32.643762 [debug] [MainThread]: Command `dbt run` succeeded at 20:12:32.643588 after 2.79 seconds
[0m20:12:32.644307 [debug] [MainThread]: Sending event: {'category': 'dbt', 'action': 'invocation', 'label': 'end', 'context': [<snowplow_tracker.self_describing_json.SelfDescribingJson object at 0x716fd672fb30>, <snowplow_tracker.self_describing_json.SelfDescribingJson object at 0x716fd63fecf0>, <snowplow_tracker.self_describing_json.SelfDescribingJson object at 0x716fd63ff1a0>]}
[0m20:12:32.644859 [debug] [MainThread]: Flushing usage events
[0m20:12:32.780115 [debug] [MainThread]: An error was encountered while trying to flush usage events
[0m20:18:38.957476 [debug] [MainThread]: Sending event: {'category': 'dbt', 'action': 'invocation', 'label': 'start', 'context': [<snowplow_tracker.self_describing_json.SelfDescribingJson object at 0x7eed265f4710>, <snowplow_tracker.self_describing_json.SelfDescribingJson object at 0x7eed25883e60>, <snowplow_tracker.self_describing_json.SelfDescribingJson object at 0x7eed265f6690>]}


============================== 20:18:38.969131 | 0e1b3951-5f44-4299-bc53-9e27a87dc6b9 ==============================
[0m20:18:38.969131 [info ] [MainThread]: Running with dbt=1.11.8
[0m20:18:38.970850 [debug] [MainThread]: running dbt with arguments {'send_anonymous_usage_stats': 'True', 'partial_parse': 'True', 'cache_selected_only': 'False', 'log_format': 'default', 'no_print': 'None', 'empty': 'False', 'version_check': 'True', 'fail_fast': 'False', 'static_parser': 'True', 'warn_error_options': 'WarnErrorOptionsV2(error=[], warn=[], silence=[])', 'indirect_selection': 'eager', 'log_path': '/workspaces/MCAsb-Pipeline/05_transformation/logs', 'use_colors': 'True', 'target_path': 'None', 'log_cache_events': 'False', 'warn_error': 'None', 'debug': 'False', 'use_experimental_parser': 'False', 'introspect': 'True', 'write_json': 'True', 'quiet': 'False', 'printer_width': '80', 'invocation_command': 'dbt run --profiles-dir .', 'profiles_dir': '.'}
[0m20:18:39.306049 [debug] [MainThread]: Sending event: {'category': 'dbt', 'action': 'project_id', 'label': '0e1b3951-5f44-4299-bc53-9e27a87dc6b9', 'context': [<snowplow_tracker.self_describing_json.SelfDescribingJson object at 0x7eed2567f320>]}
[0m20:18:39.378820 [debug] [MainThread]: Sending event: {'category': 'dbt', 'action': 'adapter_info', 'label': '0e1b3951-5f44-4299-bc53-9e27a87dc6b9', 'context': [<snowplow_tracker.self_describing_json.SelfDescribingJson object at 0x7eed25a240b0>]}
[0m20:18:39.380336 [info ] [MainThread]: Registered adapter: clickhouse=1.10.0
[0m20:18:39.573999 [debug] [MainThread]: checksum: 7d524ac048c2100769df89d592e662e060a73ca564e31bd9c2a37efdfe8d8ab6, vars: {}, profile: , target: , version: 1.11.8
[0m20:18:39.658783 [debug] [MainThread]: Partial parsing enabled: 0 files deleted, 4 files added, 0 files changed.
[0m20:18:39.659493 [debug] [MainThread]: Partial parsing: added file: mcasb_pipeline://models/staging/stg_daily_prices.sql
[0m20:18:39.660078 [debug] [MainThread]: Partial parsing: added file: mcasb_pipeline://models/staging/schema.yml
[0m20:18:39.660560 [debug] [MainThread]: Partial parsing: added file: mcasb_pipeline://models/marts/monthly_stock_summary.sql
[0m20:18:39.661109 [debug] [MainThread]: Partial parsing: added file: mcasb_pipeline://models/staging/sources.yml
[0m20:18:40.427373 [debug] [MainThread]: Sending event: {'category': 'dbt', 'action': 'load_project', 'label': '0e1b3951-5f44-4299-bc53-9e27a87dc6b9', 'context': [<snowplow_tracker.self_describing_json.SelfDescribingJson object at 0x7eed24f34950>]}
[0m20:18:40.528904 [debug] [MainThread]: Wrote artifact WritableManifest to /workspaces/MCAsb-Pipeline/05_transformation/target/manifest.json
[0m20:18:40.531126 [debug] [MainThread]: Wrote artifact SemanticManifest to /workspaces/MCAsb-Pipeline/05_transformation/target/semantic_manifest.json
[0m20:18:40.542339 [debug] [MainThread]: Sending event: {'category': 'dbt', 'action': 'resource_counts', 'label': '0e1b3951-5f44-4299-bc53-9e27a87dc6b9', 'context': [<snowplow_tracker.self_describing_json.SelfDescribingJson object at 0x7eed24aec200>]}
[0m20:18:40.542952 [info ] [MainThread]: Found 2 models, 4 data tests, 5 sources, 523 macros
[0m20:18:40.543530 [debug] [MainThread]: Sending event: {'category': 'dbt', 'action': 'runnable_timing', 'label': '0e1b3951-5f44-4299-bc53-9e27a87dc6b9', 'context': [<snowplow_tracker.self_describing_json.SelfDescribingJson object at 0x7eed26b3d340>]}
[0m20:18:40.545605 [info ] [MainThread]: 
[0m20:18:40.546168 [info ] [MainThread]: Concurrency: 1 threads (target='dev')
[0m20:18:40.546693 [info ] [MainThread]: 
[0m20:18:40.547416 [debug] [MainThread]: Acquiring new clickhouse connection 'master'
[0m20:18:40.555400 [debug] [ThreadPool]: Acquiring new clickhouse connection 'list_'
[0m20:18:40.566157 [debug] [ThreadPool]: Opening a new connection, currently in state init
[0m20:18:40.730144 [debug] [ThreadPool]: dbt_clickhouse adapter: On list_: /* {"app": "dbt", "dbt_version": "1.11.8", "profile_name": "mcasb_pipeline", "target_name": "dev", "connection_name": "list_"} */

    select name from system.databases
  ...
[0m20:18:40.736271 [debug] [ThreadPool]: dbt_clickhouse adapter: SQL status: OK in 0.00 seconds
[0m20:18:40.802821 [debug] [ThreadPool]: Re-using an available connection from the pool (formerly list_, now list__warehouse)
[0m20:18:40.810380 [debug] [ThreadPool]: dbt_clickhouse adapter: On list__warehouse: /* {"app": "dbt", "dbt_version": "1.11.8", "profile_name": "mcasb_pipeline", "target_name": "dev", "connection_name": "list__warehouse"} */
with mv_sources as (
      -- Find all MVs and their target tables (database and name of the MV, plus the SELECT SQL)
      select
        name as mv_name,
        database as mv_database,
        any(as_select) as mv_sql,
        any(replaceRegexpOne(create_table_query, '.*TO\\s+`?([^`\\s(]+)`?\\.`?([^`\\s(]+)`?.*', '\\1.\\2')) as target_fqn
      
      from system.tables
      
      where engine = 'MaterializedView'
        and create_table_query like '%TO %'
      group by mv_name, mv_database
    )
    select
      t.name as name,
      t.database as schema,
      multiIf(
        t.engine = 'MaterializedView', 'materialized_view',
        t.engine = 'View', 'view',
        t.engine = 'Dictionary', 'dictionary',
        'table'
      ) as type,
      db.engine as db_engine,
      groupArrayIf(
        map('schema', mv_sources.mv_database, 'name', mv_sources.mv_name, 'sql', mv_sources.mv_sql),
        mv_sources.mv_name != ''
      ) as mvs_pointing_to_it,0 as is_on_cluster
        from system.tables as t
      
        join system.databases as db on t.database = db.name
        left join mv_sources on mv_sources.target_fqn = concat(t.database, '.', t.name)
      where schema = 'warehouse'
      group by name, schema, type, db_engine

  ...
[0m20:18:40.830560 [debug] [ThreadPool]: dbt_clickhouse adapter: SQL status: OK in 0.02 seconds
[0m20:18:40.833297 [debug] [MainThread]: Sending event: {'category': 'dbt', 'action': 'runnable_timing', 'label': '0e1b3951-5f44-4299-bc53-9e27a87dc6b9', 'context': [<snowplow_tracker.self_describing_json.SelfDescribingJson object at 0x7eed250ba000>]}
[0m20:18:40.836531 [debug] [Thread-1 (]: Began running node model.mcasb_pipeline.stg_daily_prices
[0m20:18:40.837234 [info ] [Thread-1 (]: 1 of 2 START sql view model `warehouse`.`stg_daily_prices` ..................... [RUN]
[0m20:18:40.837913 [debug] [Thread-1 (]: Re-using an available connection from the pool (formerly list__warehouse, now model.mcasb_pipeline.stg_daily_prices)
[0m20:18:40.838410 [debug] [Thread-1 (]: Began compiling node model.mcasb_pipeline.stg_daily_prices
[0m20:18:40.848034 [debug] [Thread-1 (]: Writing injected SQL for node "model.mcasb_pipeline.stg_daily_prices"
[0m20:18:40.849083 [debug] [Thread-1 (]: Began executing node model.mcasb_pipeline.stg_daily_prices
[0m20:18:40.864304 [debug] [Thread-1 (]: Creating new relation stg_daily_prices
[0m20:18:40.880440 [debug] [Thread-1 (]: Writing runtime sql for node "model.mcasb_pipeline.stg_daily_prices"
[0m20:18:40.881512 [debug] [Thread-1 (]: dbt_clickhouse adapter: On model.mcasb_pipeline.stg_daily_prices: /* {"app": "dbt", "dbt_version": "1.11.8", "profile_name": "mcasb_pipeline", "target_name": "dev", "node_id": "model.mcasb_pipeline.stg_daily_prices"} */


  create or replace view `warehouse`.`stg_daily_prices` 
  
    
  
  
    
    
  as (
    SELECT
    ticker,
    date,
    open,
    high,
    low,
    close,
    volume
FROM `warehouse`.`daily_prices`
WHERE close > 0 AND volume > 0
    
  )
      
      
                    -- end_of_sql
                    
                    ...
[0m20:18:40.887921 [debug] [Thread-1 (]: dbt_clickhouse adapter: SQL status: OK in 0.01 seconds
[0m20:18:40.908783 [debug] [Thread-1 (]: Sending event: {'category': 'dbt', 'action': 'run_model', 'label': '0e1b3951-5f44-4299-bc53-9e27a87dc6b9', 'context': [<snowplow_tracker.self_describing_json.SelfDescribingJson object at 0x7eed27fe04d0>]}
[0m20:18:40.909603 [info ] [Thread-1 (]: 1 of 2 OK created sql view model `warehouse`.`stg_daily_prices` ................ [[32mOK[0m in 0.07s]
[0m20:18:40.910436 [debug] [Thread-1 (]: Finished running node model.mcasb_pipeline.stg_daily_prices
[0m20:18:40.911388 [debug] [Thread-1 (]: Began running node model.mcasb_pipeline.monthly_stock_summary
[0m20:18:40.912147 [info ] [Thread-1 (]: 2 of 2 START sql view model `warehouse`.`monthly_stock_summary` ................ [RUN]
[0m20:18:40.912810 [debug] [Thread-1 (]: Re-using an available connection from the pool (formerly model.mcasb_pipeline.stg_daily_prices, now model.mcasb_pipeline.monthly_stock_summary)
[0m20:18:40.913320 [debug] [Thread-1 (]: Began compiling node model.mcasb_pipeline.monthly_stock_summary
[0m20:18:40.916343 [debug] [Thread-1 (]: Writing injected SQL for node "model.mcasb_pipeline.monthly_stock_summary"
[0m20:18:40.917213 [debug] [Thread-1 (]: Began executing node model.mcasb_pipeline.monthly_stock_summary
[0m20:18:40.920413 [debug] [Thread-1 (]: Creating new relation monthly_stock_summary
[0m20:18:40.921800 [debug] [Thread-1 (]: Writing runtime sql for node "model.mcasb_pipeline.monthly_stock_summary"
[0m20:18:40.922636 [debug] [Thread-1 (]: dbt_clickhouse adapter: On model.mcasb_pipeline.monthly_stock_summary: /* {"app": "dbt", "dbt_version": "1.11.8", "profile_name": "mcasb_pipeline", "target_name": "dev", "node_id": "model.mcasb_pipeline.monthly_stock_summary"} */


  create or replace view `warehouse`.`monthly_stock_summary` 
  
    
  
  
    
    
  as (
    SELECT
    ticker,
    toStartOfMonth(date) AS month,
    round(avg(open), 2) AS avg_open_price,
    round(avg(close), 2) AS avg_close_price,
    round((avg(open) + avg(close)) / 2, 2) AS avg_price,
    round(avg(volume), 0) AS avg_volume,
    count(*) AS trading_days
FROM `warehouse`.`stg_daily_prices`
GROUP BY ticker, toStartOfMonth(date)
ORDER BY ticker, month
    
  )
      
      
                    -- end_of_sql
                    
                    ...
[0m20:18:40.928328 [debug] [Thread-1 (]: dbt_clickhouse adapter: SQL status: OK in 0.01 seconds
[0m20:18:40.931487 [debug] [Thread-1 (]: Sending event: {'category': 'dbt', 'action': 'run_model', 'label': '0e1b3951-5f44-4299-bc53-9e27a87dc6b9', 'context': [<snowplow_tracker.self_describing_json.SelfDescribingJson object at 0x7eed2481f9b0>]}
[0m20:18:40.932246 [info ] [Thread-1 (]: 2 of 2 OK created sql view model `warehouse`.`monthly_stock_summary` ........... [[32mOK[0m in 0.02s]
[0m20:18:40.933064 [debug] [Thread-1 (]: Finished running node model.mcasb_pipeline.monthly_stock_summary
[0m20:18:40.934403 [debug] [MainThread]: Connection 'master' was properly closed.
[0m20:18:40.934910 [debug] [MainThread]: Connection 'model.mcasb_pipeline.monthly_stock_summary' was left open.
[0m20:18:40.935393 [debug] [MainThread]: On model.mcasb_pipeline.monthly_stock_summary: Close
[0m20:18:40.935986 [info ] [MainThread]: 
[0m20:18:40.936518 [info ] [MainThread]: Finished running 2 view models in 0 hours 0 minutes and 0.39 seconds (0.39s).
[0m20:18:40.937624 [debug] [MainThread]: Command end result
[0m20:18:40.972420 [debug] [MainThread]: Wrote artifact WritableManifest to /workspaces/MCAsb-Pipeline/05_transformation/target/manifest.json
[0m20:18:40.975051 [debug] [MainThread]: Wrote artifact SemanticManifest to /workspaces/MCAsb-Pipeline/05_transformation/target/semantic_manifest.json
[0m20:18:40.982614 [debug] [MainThread]: Wrote artifact RunExecutionResult to /workspaces/MCAsb-Pipeline/05_transformation/target/run_results.json
[0m20:18:40.983071 [info ] [MainThread]: 
[0m20:18:40.983671 [info ] [MainThread]: [32mCompleted successfully[0m
[0m20:18:40.984181 [info ] [MainThread]: 
[0m20:18:40.984763 [info ] [MainThread]: Done. PASS=2 WARN=0 ERROR=0 SKIP=0 NO-OP=0 TOTAL=2
[0m20:18:40.986908 [debug] [MainThread]: Resource report: {"command_name": "run", "command_success": true, "command_wall_clock_time": 2.108254, "process_in_blocks": "55856", "process_kernel_time": 0.488924, "process_mem_max_rss": "141352", "process_out_blocks": "3744", "process_user_time": 4.559662}
[0m20:18:40.987502 [debug] [MainThread]: Command `dbt run` succeeded at 20:18:40.987392 after 2.11 seconds
[0m20:18:40.988037 [debug] [MainThread]: Sending event: {'category': 'dbt', 'action': 'invocation', 'label': 'end', 'context': [<snowplow_tracker.self_describing_json.SelfDescribingJson object at 0x7eed2563bad0>, <snowplow_tracker.self_describing_json.SelfDescribingJson object at 0x7eed256088c0>, <snowplow_tracker.self_describing_json.SelfDescribingJson object at 0x7eed265f4710>]}
[0m20:18:40.988695 [debug] [MainThread]: Flushing usage events
[0m20:18:41.099021 [debug] [MainThread]: An error was encountered while trying to flush usage events
[0m20:19:02.229636 [debug] [MainThread]: Sending event: {'category': 'dbt', 'action': 'invocation', 'label': 'start', 'context': [<snowplow_tracker.self_describing_json.SelfDescribingJson object at 0x7671b09ec3e0>, <snowplow_tracker.self_describing_json.SelfDescribingJson object at 0x7671b3326180>, <snowplow_tracker.self_describing_json.SelfDescribingJson object at 0x7671b058ff20>]}


============================== 20:19:02.235062 | 52f536b4-aefb-41ca-8966-83669037169e ==============================
[0m20:19:02.235062 [info ] [MainThread]: Running with dbt=1.11.8
[0m20:19:02.236144 [debug] [MainThread]: running dbt with arguments {'partial_parse': 'True', 'version_check': 'True', 'no_print': 'None', 'use_experimental_parser': 'False', 'use_colors': 'True', 'log_path': '/workspaces/MCAsb-Pipeline/05_transformation/logs', 'fail_fast': 'False', 'printer_width': '80', 'write_json': 'True', 'send_anonymous_usage_stats': 'True', 'quiet': 'False', 'invocation_command': 'dbt test --profiles-dir .', 'introspect': 'True', 'warn_error': 'None', 'static_parser': 'True', 'empty': 'None', 'profiles_dir': '.', 'debug': 'False', 'indirect_selection': 'eager', 'log_cache_events': 'False', 'warn_error_options': 'WarnErrorOptionsV2(error=[], warn=[], silence=[])', 'target_path': 'None', 'cache_selected_only': 'False', 'log_format': 'default'}
[0m20:19:02.498418 [debug] [MainThread]: Sending event: {'category': 'dbt', 'action': 'project_id', 'label': '52f536b4-aefb-41ca-8966-83669037169e', 'context': [<snowplow_tracker.self_describing_json.SelfDescribingJson object at 0x7671b0171190>]}
[0m20:19:02.576708 [debug] [MainThread]: Sending event: {'category': 'dbt', 'action': 'adapter_info', 'label': '52f536b4-aefb-41ca-8966-83669037169e', 'context': [<snowplow_tracker.self_describing_json.SelfDescribingJson object at 0x7671b00bab70>]}
[0m20:19:02.577726 [info ] [MainThread]: Registered adapter: clickhouse=1.10.0
[0m20:19:02.744114 [debug] [MainThread]: checksum: 7d524ac048c2100769df89d592e662e060a73ca564e31bd9c2a37efdfe8d8ab6, vars: {}, profile: , target: , version: 1.11.8
[0m20:19:02.888522 [debug] [MainThread]: Partial parsing enabled: 0 files deleted, 0 files added, 0 files changed.
[0m20:19:02.889442 [debug] [MainThread]: Nothing changed, skipping partial parsing.
[0m20:19:02.890987 [debug] [MainThread]: Partial parsing enabled, no changes found, skipping parsing
[0m20:19:02.959203 [debug] [MainThread]: Sending event: {'category': 'dbt', 'action': 'load_project', 'label': '52f536b4-aefb-41ca-8966-83669037169e', 'context': [<snowplow_tracker.self_describing_json.SelfDescribingJson object at 0x7671afec4fb0>]}
[0m20:19:03.063867 [debug] [MainThread]: Wrote artifact WritableManifest to /workspaces/MCAsb-Pipeline/05_transformation/target/manifest.json
[0m20:19:03.065989 [debug] [MainThread]: Wrote artifact SemanticManifest to /workspaces/MCAsb-Pipeline/05_transformation/target/semantic_manifest.json
[0m20:19:03.185216 [debug] [MainThread]: Sending event: {'category': 'dbt', 'action': 'resource_counts', 'label': '52f536b4-aefb-41ca-8966-83669037169e', 'context': [<snowplow_tracker.self_describing_json.SelfDescribingJson object at 0x7671afc70560>]}
[0m20:19:03.185930 [info ] [MainThread]: Found 2 models, 4 data tests, 5 sources, 523 macros
[0m20:19:03.186527 [debug] [MainThread]: Sending event: {'category': 'dbt', 'action': 'runnable_timing', 'label': '52f536b4-aefb-41ca-8966-83669037169e', 'context': [<snowplow_tracker.self_describing_json.SelfDescribingJson object at 0x7671afc67fe0>]}
[0m20:19:03.188766 [info ] [MainThread]: 
[0m20:19:03.189323 [info ] [MainThread]: Concurrency: 1 threads (target='dev')
[0m20:19:03.189850 [info ] [MainThread]: 
[0m20:19:03.190592 [debug] [MainThread]: Acquiring new clickhouse connection 'master'
[0m20:19:03.199013 [debug] [ThreadPool]: Acquiring new clickhouse connection 'list__warehouse'
[0m20:19:03.212599 [debug] [ThreadPool]: Opening a new connection, currently in state init
[0m20:19:03.301670 [debug] [ThreadPool]: dbt_clickhouse adapter: On list__warehouse: /* {"app": "dbt", "dbt_version": "1.11.8", "profile_name": "mcasb_pipeline", "target_name": "dev", "connection_name": "list__warehouse"} */
with mv_sources as (
      -- Find all MVs and their target tables (database and name of the MV, plus the SELECT SQL)
      select
        name as mv_name,
        database as mv_database,
        any(as_select) as mv_sql,
        any(replaceRegexpOne(create_table_query, '.*TO\\s+`?([^`\\s(]+)`?\\.`?([^`\\s(]+)`?.*', '\\1.\\2')) as target_fqn
      
      from system.tables
      
      where engine = 'MaterializedView'
        and create_table_query like '%TO %'
      group by mv_name, mv_database
    )
    select
      t.name as name,
      t.database as schema,
      multiIf(
        t.engine = 'MaterializedView', 'materialized_view',
        t.engine = 'View', 'view',
        t.engine = 'Dictionary', 'dictionary',
        'table'
      ) as type,
      db.engine as db_engine,
      groupArrayIf(
        map('schema', mv_sources.mv_database, 'name', mv_sources.mv_name, 'sql', mv_sources.mv_sql),
        mv_sources.mv_name != ''
      ) as mvs_pointing_to_it,0 as is_on_cluster
        from system.tables as t
      
        join system.databases as db on t.database = db.name
        left join mv_sources on mv_sources.target_fqn = concat(t.database, '.', t.name)
      where schema = 'warehouse'
      group by name, schema, type, db_engine

  ...
[0m20:19:03.318968 [debug] [ThreadPool]: dbt_clickhouse adapter: SQL status: OK in 0.02 seconds
[0m20:19:03.334686 [debug] [MainThread]: Sending event: {'category': 'dbt', 'action': 'runnable_timing', 'label': '52f536b4-aefb-41ca-8966-83669037169e', 'context': [<snowplow_tracker.self_describing_json.SelfDescribingJson object at 0x7671afff0920>]}
[0m20:19:03.337099 [debug] [Thread-1 (]: Began running node test.mcasb_pipeline.not_null_stg_daily_prices_close.d40d7effea
[0m20:19:03.337683 [info ] [Thread-1 (]: 1 of 4 START test not_null_stg_daily_prices_close .............................. [RUN]
[0m20:19:03.338353 [debug] [Thread-1 (]: Re-using an available connection from the pool (formerly list__warehouse, now test.mcasb_pipeline.not_null_stg_daily_prices_close.d40d7effea)
[0m20:19:03.339095 [debug] [Thread-1 (]: Began compiling node test.mcasb_pipeline.not_null_stg_daily_prices_close.d40d7effea
[0m20:19:03.358937 [debug] [Thread-1 (]: Writing injected SQL for node "test.mcasb_pipeline.not_null_stg_daily_prices_close.d40d7effea"
[0m20:19:03.359828 [debug] [Thread-1 (]: Began executing node test.mcasb_pipeline.not_null_stg_daily_prices_close.d40d7effea
[0m20:19:03.378351 [debug] [Thread-1 (]: Writing runtime sql for node "test.mcasb_pipeline.not_null_stg_daily_prices_close.d40d7effea"
[0m20:19:03.379267 [debug] [Thread-1 (]: dbt_clickhouse adapter: On test.mcasb_pipeline.not_null_stg_daily_prices_close.d40d7effea: /* {"app": "dbt", "dbt_version": "1.11.8", "profile_name": "mcasb_pipeline", "target_name": "dev", "node_id": "test.mcasb_pipeline.not_null_stg_daily_prices_close.d40d7effea"} */

    
    select
      count(*) as failures,
      count(*) != 0 as should_warn,
      count(*) != 0 as should_error
    from (
      
    
  
    
    



select close
from `warehouse`.`stg_daily_prices`
where close is null



  
  
    ) dbt_internal_test...
[0m20:19:03.384274 [debug] [Thread-1 (]: dbt_clickhouse adapter: SQL status: OK in 0.00 seconds
[0m20:19:03.389357 [info ] [Thread-1 (]: 1 of 4 PASS not_null_stg_daily_prices_close .................................... [[32mPASS[0m in 0.05s]
[0m20:19:03.391091 [debug] [Thread-1 (]: Finished running node test.mcasb_pipeline.not_null_stg_daily_prices_close.d40d7effea
[0m20:19:03.392565 [debug] [Thread-1 (]: Began running node test.mcasb_pipeline.not_null_stg_daily_prices_date.f15fb24543
[0m20:19:03.393416 [info ] [Thread-1 (]: 2 of 4 START test not_null_stg_daily_prices_date ............................... [RUN]
[0m20:19:03.394299 [debug] [Thread-1 (]: Re-using an available connection from the pool (formerly test.mcasb_pipeline.not_null_stg_daily_prices_close.d40d7effea, now test.mcasb_pipeline.not_null_stg_daily_prices_date.f15fb24543)
[0m20:19:03.395235 [debug] [Thread-1 (]: Began compiling node test.mcasb_pipeline.not_null_stg_daily_prices_date.f15fb24543
[0m20:19:03.402286 [debug] [Thread-1 (]: Writing injected SQL for node "test.mcasb_pipeline.not_null_stg_daily_prices_date.f15fb24543"
[0m20:19:03.403310 [debug] [Thread-1 (]: Began executing node test.mcasb_pipeline.not_null_stg_daily_prices_date.f15fb24543
[0m20:19:03.407967 [debug] [Thread-1 (]: Writing runtime sql for node "test.mcasb_pipeline.not_null_stg_daily_prices_date.f15fb24543"
[0m20:19:03.409022 [debug] [Thread-1 (]: dbt_clickhouse adapter: On test.mcasb_pipeline.not_null_stg_daily_prices_date.f15fb24543: /* {"app": "dbt", "dbt_version": "1.11.8", "profile_name": "mcasb_pipeline", "target_name": "dev", "node_id": "test.mcasb_pipeline.not_null_stg_daily_prices_date.f15fb24543"} */

    
    select
      count(*) as failures,
      count(*) != 0 as should_warn,
      count(*) != 0 as should_error
    from (
      
    
  
    
    



select date
from `warehouse`.`stg_daily_prices`
where date is null



  
  
    ) dbt_internal_test...
[0m20:19:03.418190 [debug] [Thread-1 (]: dbt_clickhouse adapter: SQL status: OK in 0.01 seconds
[0m20:19:03.423040 [info ] [Thread-1 (]: 2 of 4 PASS not_null_stg_daily_prices_date ..................................... [[32mPASS[0m in 0.03s]
[0m20:19:03.424376 [debug] [Thread-1 (]: Finished running node test.mcasb_pipeline.not_null_stg_daily_prices_date.f15fb24543
[0m20:19:03.425277 [debug] [Thread-1 (]: Began running node test.mcasb_pipeline.not_null_stg_daily_prices_ticker.74fb8a1bbd
[0m20:19:03.426300 [info ] [Thread-1 (]: 3 of 4 START test not_null_stg_daily_prices_ticker ............................. [RUN]
[0m20:19:03.427320 [debug] [Thread-1 (]: Re-using an available connection from the pool (formerly test.mcasb_pipeline.not_null_stg_daily_prices_date.f15fb24543, now test.mcasb_pipeline.not_null_stg_daily_prices_ticker.74fb8a1bbd)
[0m20:19:03.428362 [debug] [Thread-1 (]: Began compiling node test.mcasb_pipeline.not_null_stg_daily_prices_ticker.74fb8a1bbd
[0m20:19:03.437269 [debug] [Thread-1 (]: Writing injected SQL for node "test.mcasb_pipeline.not_null_stg_daily_prices_ticker.74fb8a1bbd"
[0m20:19:03.438335 [debug] [Thread-1 (]: Began executing node test.mcasb_pipeline.not_null_stg_daily_prices_ticker.74fb8a1bbd
[0m20:19:03.442732 [debug] [Thread-1 (]: Writing runtime sql for node "test.mcasb_pipeline.not_null_stg_daily_prices_ticker.74fb8a1bbd"
[0m20:19:03.444024 [debug] [Thread-1 (]: dbt_clickhouse adapter: On test.mcasb_pipeline.not_null_stg_daily_prices_ticker.74fb8a1bbd: /* {"app": "dbt", "dbt_version": "1.11.8", "profile_name": "mcasb_pipeline", "target_name": "dev", "node_id": "test.mcasb_pipeline.not_null_stg_daily_prices_ticker.74fb8a1bbd"} */

    
    select
      count(*) as failures,
      count(*) != 0 as should_warn,
      count(*) != 0 as should_error
    from (
      
    
  
    
    



select ticker
from `warehouse`.`stg_daily_prices`
where ticker is null



  
  
    ) dbt_internal_test...
[0m20:19:03.451136 [debug] [Thread-1 (]: dbt_clickhouse adapter: SQL status: OK in 0.01 seconds
[0m20:19:03.454097 [info ] [Thread-1 (]: 3 of 4 PASS not_null_stg_daily_prices_ticker ................................... [[32mPASS[0m in 0.03s]
[0m20:19:03.455496 [debug] [Thread-1 (]: Finished running node test.mcasb_pipeline.not_null_stg_daily_prices_ticker.74fb8a1bbd
[0m20:19:03.456408 [debug] [Thread-1 (]: Began running node test.mcasb_pipeline.not_null_stg_daily_prices_volume.58430b3976
[0m20:19:03.457372 [info ] [Thread-1 (]: 4 of 4 START test not_null_stg_daily_prices_volume ............................. [RUN]
[0m20:19:03.458431 [debug] [Thread-1 (]: Re-using an available connection from the pool (formerly test.mcasb_pipeline.not_null_stg_daily_prices_ticker.74fb8a1bbd, now test.mcasb_pipeline.not_null_stg_daily_prices_volume.58430b3976)
[0m20:19:03.459311 [debug] [Thread-1 (]: Began compiling node test.mcasb_pipeline.not_null_stg_daily_prices_volume.58430b3976
[0m20:19:03.467150 [debug] [Thread-1 (]: Writing injected SQL for node "test.mcasb_pipeline.not_null_stg_daily_prices_volume.58430b3976"
[0m20:19:03.468341 [debug] [Thread-1 (]: Began executing node test.mcasb_pipeline.not_null_stg_daily_prices_volume.58430b3976
[0m20:19:03.473601 [debug] [Thread-1 (]: Writing runtime sql for node "test.mcasb_pipeline.not_null_stg_daily_prices_volume.58430b3976"
[0m20:19:03.474788 [debug] [Thread-1 (]: dbt_clickhouse adapter: On test.mcasb_pipeline.not_null_stg_daily_prices_volume.58430b3976: /* {"app": "dbt", "dbt_version": "1.11.8", "profile_name": "mcasb_pipeline", "target_name": "dev", "node_id": "test.mcasb_pipeline.not_null_stg_daily_prices_volume.58430b3976"} */

    
    select
      count(*) as failures,
      count(*) != 0 as should_warn,
      count(*) != 0 as should_error
    from (
      
    
  
    
    



select volume
from `warehouse`.`stg_daily_prices`
where volume is null



  
  
    ) dbt_internal_test...
[0m20:19:03.514931 [debug] [Thread-1 (]: dbt_clickhouse adapter: SQL status: OK in 0.04 seconds
[0m20:19:03.521002 [info ] [Thread-1 (]: 4 of 4 PASS not_null_stg_daily_prices_volume ................................... [[32mPASS[0m in 0.06s]
[0m20:19:03.523489 [debug] [Thread-1 (]: Finished running node test.mcasb_pipeline.not_null_stg_daily_prices_volume.58430b3976
[0m20:19:03.531905 [debug] [MainThread]: Connection 'master' was properly closed.
[0m20:19:03.534691 [debug] [MainThread]: Connection 'test.mcasb_pipeline.not_null_stg_daily_prices_volume.58430b3976' was left open.
[0m20:19:03.536906 [debug] [MainThread]: On test.mcasb_pipeline.not_null_stg_daily_prices_volume.58430b3976: Close
[0m20:19:03.538820 [info ] [MainThread]: 
[0m20:19:03.539772 [info ] [MainThread]: Finished running 4 data tests in 0 hours 0 minutes and 0.35 seconds (0.35s).
[0m20:19:03.543429 [debug] [MainThread]: Command end result
[0m20:19:03.625176 [debug] [MainThread]: Wrote artifact WritableManifest to /workspaces/MCAsb-Pipeline/05_transformation/target/manifest.json
[0m20:19:03.627455 [debug] [MainThread]: Wrote artifact SemanticManifest to /workspaces/MCAsb-Pipeline/05_transformation/target/semantic_manifest.json
[0m20:19:03.636898 [debug] [MainThread]: Wrote artifact RunExecutionResult to /workspaces/MCAsb-Pipeline/05_transformation/target/run_results.json
[0m20:19:03.637353 [info ] [MainThread]: 
[0m20:19:03.637987 [info ] [MainThread]: [32mCompleted successfully[0m
[0m20:19:03.638505 [info ] [MainThread]: 
[0m20:19:03.639102 [info ] [MainThread]: Done. PASS=4 WARN=0 ERROR=0 SKIP=0 NO-OP=0 TOTAL=4
[0m20:19:03.640212 [debug] [MainThread]: Resource report: {"command_name": "test", "command_success": true, "command_wall_clock_time": 1.4796185, "process_in_blocks": "1120", "process_kernel_time": 0.373023, "process_mem_max_rss": "137668", "process_out_blocks": "2608", "process_user_time": 4.009262}
[0m20:19:03.640853 [debug] [MainThread]: Command `dbt test` succeeded at 20:19:03.640736 after 1.48 seconds
[0m20:19:03.641361 [debug] [MainThread]: Sending event: {'category': 'dbt', 'action': 'invocation', 'label': 'end', 'context': [<snowplow_tracker.self_describing_json.SelfDescribingJson object at 0x7671b09ec3e0>, <snowplow_tracker.self_describing_json.SelfDescribingJson object at 0x7671afaefc50>, <snowplow_tracker.self_describing_json.SelfDescribingJson object at 0x7671b00b9730>]}
[0m20:19:03.641901 [debug] [MainThread]: Flushing usage events
[0m20:19:03.719092 [debug] [MainThread]: An error was encountered while trying to flush usage events
[0m21:06:07.641781 [debug] [MainThread]: Sending event: {'category': 'dbt', 'action': 'invocation', 'label': 'start', 'context': [<snowplow_tracker.self_describing_json.SelfDescribingJson object at 0x7c56ede45a00>, <snowplow_tracker.self_describing_json.SelfDescribingJson object at 0x7c56edbbe120>, <snowplow_tracker.self_describing_json.SelfDescribingJson object at 0x7c56ef582d50>]}


============================== 21:06:07.654439 | 6e5dad21-8cb0-40dc-b9c1-f90c5cbe14c3 ==============================
[0m21:06:07.654439 [info ] [MainThread]: Running with dbt=1.11.8
[0m21:06:07.655592 [debug] [MainThread]: running dbt with arguments {'fail_fast': 'False', 'write_json': 'True', 'warn_error_options': 'WarnErrorOptionsV2(error=[], warn=[], silence=[])', 'partial_parse': 'True', 'profiles_dir': '.', 'static_parser': 'True', 'introspect': 'True', 'log_cache_events': 'False', 'version_check': 'True', 'use_colors': 'True', 'quiet': 'False', 'printer_width': '80', 'log_path': '/workspaces/MCAsb-Pipeline/05_transformation/logs', 'indirect_selection': 'eager', 'log_format': 'default', 'cache_selected_only': 'False', 'send_anonymous_usage_stats': 'True', 'use_experimental_parser': 'False', 'debug': 'False', 'target_path': 'None', 'empty': 'None', 'no_print': 'None', 'invocation_command': 'dbt test --profiles-dir .', 'warn_error': 'None'}
[0m21:06:08.030260 [debug] [MainThread]: Sending event: {'category': 'dbt', 'action': 'project_id', 'label': '6e5dad21-8cb0-40dc-b9c1-f90c5cbe14c3', 'context': [<snowplow_tracker.self_describing_json.SelfDescribingJson object at 0x7c56ed9ecfb0>]}
[0m21:06:08.140540 [debug] [MainThread]: Sending event: {'category': 'dbt', 'action': 'adapter_info', 'label': '6e5dad21-8cb0-40dc-b9c1-f90c5cbe14c3', 'context': [<snowplow_tracker.self_describing_json.SelfDescribingJson object at 0x7c56ed0ed100>]}
[0m21:06:08.142530 [info ] [MainThread]: Registered adapter: clickhouse=1.10.0
[0m21:06:08.370670 [debug] [MainThread]: checksum: 7d524ac048c2100769df89d592e662e060a73ca564e31bd9c2a37efdfe8d8ab6, vars: {}, profile: , target: , version: 1.11.8
[0m21:06:08.532762 [debug] [MainThread]: Partial parsing enabled: 0 files deleted, 0 files added, 0 files changed.
[0m21:06:08.533603 [debug] [MainThread]: Nothing changed, skipping partial parsing.
[0m21:06:08.534202 [debug] [MainThread]: Partial parsing enabled, no changes found, skipping parsing
[0m21:06:08.589449 [debug] [MainThread]: Sending event: {'category': 'dbt', 'action': 'load_project', 'label': '6e5dad21-8cb0-40dc-b9c1-f90c5cbe14c3', 'context': [<snowplow_tracker.self_describing_json.SelfDescribingJson object at 0x7c56eceb8410>]}
[0m21:06:08.698038 [debug] [MainThread]: Wrote artifact WritableManifest to /workspaces/MCAsb-Pipeline/05_transformation/target/manifest.json
[0m21:06:08.700698 [debug] [MainThread]: Wrote artifact SemanticManifest to /workspaces/MCAsb-Pipeline/05_transformation/target/semantic_manifest.json
[0m21:06:08.820534 [debug] [MainThread]: Sending event: {'category': 'dbt', 'action': 'resource_counts', 'label': '6e5dad21-8cb0-40dc-b9c1-f90c5cbe14c3', 'context': [<snowplow_tracker.self_describing_json.SelfDescribingJson object at 0x7c56ecc89430>]}
[0m21:06:08.821234 [info ] [MainThread]: Found 2 models, 4 data tests, 5 sources, 523 macros
[0m21:06:08.821853 [debug] [MainThread]: Sending event: {'category': 'dbt', 'action': 'runnable_timing', 'label': '6e5dad21-8cb0-40dc-b9c1-f90c5cbe14c3', 'context': [<snowplow_tracker.self_describing_json.SelfDescribingJson object at 0x7c56ecb3d100>]}
[0m21:06:08.824063 [info ] [MainThread]: 
[0m21:06:08.824705 [info ] [MainThread]: Concurrency: 1 threads (target='dev')
[0m21:06:08.825332 [info ] [MainThread]: 
[0m21:06:08.826249 [debug] [MainThread]: Acquiring new clickhouse connection 'master'
[0m21:06:08.836722 [debug] [ThreadPool]: Acquiring new clickhouse connection 'list__warehouse'
[0m21:06:08.859797 [debug] [ThreadPool]: Opening a new connection, currently in state init
[0m21:06:09.119307 [debug] [ThreadPool]: dbt_clickhouse adapter: On list__warehouse: /* {"app": "dbt", "dbt_version": "1.11.8", "profile_name": "mcasb_pipeline", "target_name": "dev", "connection_name": "list__warehouse"} */
with mv_sources as (
      -- Find all MVs and their target tables (database and name of the MV, plus the SELECT SQL)
      select
        name as mv_name,
        database as mv_database,
        any(as_select) as mv_sql,
        any(replaceRegexpOne(create_table_query, '.*TO\\s+`?([^`\\s(]+)`?\\.`?([^`\\s(]+)`?.*', '\\1.\\2')) as target_fqn
      
      from system.tables
      
      where engine = 'MaterializedView'
        and create_table_query like '%TO %'
      group by mv_name, mv_database
    )
    select
      t.name as name,
      t.database as schema,
      multiIf(
        t.engine = 'MaterializedView', 'materialized_view',
        t.engine = 'View', 'view',
        t.engine = 'Dictionary', 'dictionary',
        'table'
      ) as type,
      db.engine as db_engine,
      groupArrayIf(
        map('schema', mv_sources.mv_database, 'name', mv_sources.mv_name, 'sql', mv_sources.mv_sql),
        mv_sources.mv_name != ''
      ) as mvs_pointing_to_it,0 as is_on_cluster
        from system.tables as t
      
        join system.databases as db on t.database = db.name
        left join mv_sources on mv_sources.target_fqn = concat(t.database, '.', t.name)
      where schema = 'warehouse'
      group by name, schema, type, db_engine

  ...
[0m21:06:09.194236 [debug] [ThreadPool]: dbt_clickhouse adapter: SQL status: OK in 0.07 seconds
[0m21:06:09.221531 [debug] [MainThread]: Sending event: {'category': 'dbt', 'action': 'runnable_timing', 'label': '6e5dad21-8cb0-40dc-b9c1-f90c5cbe14c3', 'context': [<snowplow_tracker.self_describing_json.SelfDescribingJson object at 0x7c56ecbb79e0>]}
[0m21:06:09.224683 [debug] [Thread-1 (]: Began running node test.mcasb_pipeline.not_null_stg_daily_prices_close.d40d7effea
[0m21:06:09.225514 [info ] [Thread-1 (]: 1 of 4 START test not_null_stg_daily_prices_close .............................. [RUN]
[0m21:06:09.226501 [debug] [Thread-1 (]: Re-using an available connection from the pool (formerly list__warehouse, now test.mcasb_pipeline.not_null_stg_daily_prices_close.d40d7effea)
[0m21:06:09.227294 [debug] [Thread-1 (]: Began compiling node test.mcasb_pipeline.not_null_stg_daily_prices_close.d40d7effea
[0m21:06:09.254480 [debug] [Thread-1 (]: Writing injected SQL for node "test.mcasb_pipeline.not_null_stg_daily_prices_close.d40d7effea"
[0m21:06:09.255310 [debug] [Thread-1 (]: Began executing node test.mcasb_pipeline.not_null_stg_daily_prices_close.d40d7effea
[0m21:06:09.273689 [debug] [Thread-1 (]: Writing runtime sql for node "test.mcasb_pipeline.not_null_stg_daily_prices_close.d40d7effea"
[0m21:06:09.274530 [debug] [Thread-1 (]: dbt_clickhouse adapter: On test.mcasb_pipeline.not_null_stg_daily_prices_close.d40d7effea: /* {"app": "dbt", "dbt_version": "1.11.8", "profile_name": "mcasb_pipeline", "target_name": "dev", "node_id": "test.mcasb_pipeline.not_null_stg_daily_prices_close.d40d7effea"} */

    
    select
      count(*) as failures,
      count(*) != 0 as should_warn,
      count(*) != 0 as should_error
    from (
      
    
  
    
    



select close
from `warehouse`.`stg_daily_prices`
where close is null



  
  
    ) dbt_internal_test...
[0m21:06:09.287998 [debug] [Thread-1 (]: dbt_clickhouse adapter: SQL status: OK in 0.01 seconds
[0m21:06:09.293210 [info ] [Thread-1 (]: 1 of 4 PASS not_null_stg_daily_prices_close .................................... [[32mPASS[0m in 0.07s]
[0m21:06:09.294096 [debug] [Thread-1 (]: Finished running node test.mcasb_pipeline.not_null_stg_daily_prices_close.d40d7effea
[0m21:06:09.294705 [debug] [Thread-1 (]: Began running node test.mcasb_pipeline.not_null_stg_daily_prices_date.f15fb24543
[0m21:06:09.295466 [info ] [Thread-1 (]: 2 of 4 START test not_null_stg_daily_prices_date ............................... [RUN]
[0m21:06:09.296139 [debug] [Thread-1 (]: Re-using an available connection from the pool (formerly test.mcasb_pipeline.not_null_stg_daily_prices_close.d40d7effea, now test.mcasb_pipeline.not_null_stg_daily_prices_date.f15fb24543)
[0m21:06:09.296682 [debug] [Thread-1 (]: Began compiling node test.mcasb_pipeline.not_null_stg_daily_prices_date.f15fb24543
[0m21:06:09.302113 [debug] [Thread-1 (]: Writing injected SQL for node "test.mcasb_pipeline.not_null_stg_daily_prices_date.f15fb24543"
[0m21:06:09.303111 [debug] [Thread-1 (]: Began executing node test.mcasb_pipeline.not_null_stg_daily_prices_date.f15fb24543
[0m21:06:09.306051 [debug] [Thread-1 (]: Writing runtime sql for node "test.mcasb_pipeline.not_null_stg_daily_prices_date.f15fb24543"
[0m21:06:09.306836 [debug] [Thread-1 (]: dbt_clickhouse adapter: On test.mcasb_pipeline.not_null_stg_daily_prices_date.f15fb24543: /* {"app": "dbt", "dbt_version": "1.11.8", "profile_name": "mcasb_pipeline", "target_name": "dev", "node_id": "test.mcasb_pipeline.not_null_stg_daily_prices_date.f15fb24543"} */

    
    select
      count(*) as failures,
      count(*) != 0 as should_warn,
      count(*) != 0 as should_error
    from (
      
    
  
    
    



select date
from `warehouse`.`stg_daily_prices`
where date is null



  
  
    ) dbt_internal_test...
[0m21:06:09.312141 [debug] [Thread-1 (]: dbt_clickhouse adapter: SQL status: OK in 0.00 seconds
[0m21:06:09.315272 [info ] [Thread-1 (]: 2 of 4 PASS not_null_stg_daily_prices_date ..................................... [[32mPASS[0m in 0.02s]
[0m21:06:09.316221 [debug] [Thread-1 (]: Finished running node test.mcasb_pipeline.not_null_stg_daily_prices_date.f15fb24543
[0m21:06:09.317080 [debug] [Thread-1 (]: Began running node test.mcasb_pipeline.not_null_stg_daily_prices_ticker.74fb8a1bbd
[0m21:06:09.321217 [info ] [Thread-1 (]: 3 of 4 START test not_null_stg_daily_prices_ticker ............................. [RUN]
[0m21:06:09.322180 [debug] [Thread-1 (]: Re-using an available connection from the pool (formerly test.mcasb_pipeline.not_null_stg_daily_prices_date.f15fb24543, now test.mcasb_pipeline.not_null_stg_daily_prices_ticker.74fb8a1bbd)
[0m21:06:09.325977 [debug] [Thread-1 (]: Began compiling node test.mcasb_pipeline.not_null_stg_daily_prices_ticker.74fb8a1bbd
[0m21:06:09.333348 [debug] [Thread-1 (]: Writing injected SQL for node "test.mcasb_pipeline.not_null_stg_daily_prices_ticker.74fb8a1bbd"
[0m21:06:09.334482 [debug] [Thread-1 (]: Began executing node test.mcasb_pipeline.not_null_stg_daily_prices_ticker.74fb8a1bbd
[0m21:06:09.338754 [debug] [Thread-1 (]: Writing runtime sql for node "test.mcasb_pipeline.not_null_stg_daily_prices_ticker.74fb8a1bbd"
[0m21:06:09.339841 [debug] [Thread-1 (]: dbt_clickhouse adapter: On test.mcasb_pipeline.not_null_stg_daily_prices_ticker.74fb8a1bbd: /* {"app": "dbt", "dbt_version": "1.11.8", "profile_name": "mcasb_pipeline", "target_name": "dev", "node_id": "test.mcasb_pipeline.not_null_stg_daily_prices_ticker.74fb8a1bbd"} */

    
    select
      count(*) as failures,
      count(*) != 0 as should_warn,
      count(*) != 0 as should_error
    from (
      
    
  
    
    



select ticker
from `warehouse`.`stg_daily_prices`
where ticker is null



  
  
    ) dbt_internal_test...
[0m21:06:09.346092 [debug] [Thread-1 (]: dbt_clickhouse adapter: SQL status: OK in 0.01 seconds
[0m21:06:09.348624 [info ] [Thread-1 (]: 3 of 4 PASS not_null_stg_daily_prices_ticker ................................... [[32mPASS[0m in 0.03s]
[0m21:06:09.349922 [debug] [Thread-1 (]: Finished running node test.mcasb_pipeline.not_null_stg_daily_prices_ticker.74fb8a1bbd
[0m21:06:09.350696 [debug] [Thread-1 (]: Began running node test.mcasb_pipeline.not_null_stg_daily_prices_volume.58430b3976
[0m21:06:09.351527 [info ] [Thread-1 (]: 4 of 4 START test not_null_stg_daily_prices_volume ............................. [RUN]
[0m21:06:09.352492 [debug] [Thread-1 (]: Re-using an available connection from the pool (formerly test.mcasb_pipeline.not_null_stg_daily_prices_ticker.74fb8a1bbd, now test.mcasb_pipeline.not_null_stg_daily_prices_volume.58430b3976)
[0m21:06:09.353088 [debug] [Thread-1 (]: Began compiling node test.mcasb_pipeline.not_null_stg_daily_prices_volume.58430b3976
[0m21:06:09.358605 [debug] [Thread-1 (]: Writing injected SQL for node "test.mcasb_pipeline.not_null_stg_daily_prices_volume.58430b3976"
[0m21:06:09.359660 [debug] [Thread-1 (]: Began executing node test.mcasb_pipeline.not_null_stg_daily_prices_volume.58430b3976
[0m21:06:09.363788 [debug] [Thread-1 (]: Writing runtime sql for node "test.mcasb_pipeline.not_null_stg_daily_prices_volume.58430b3976"
[0m21:06:09.364618 [debug] [Thread-1 (]: dbt_clickhouse adapter: On test.mcasb_pipeline.not_null_stg_daily_prices_volume.58430b3976: /* {"app": "dbt", "dbt_version": "1.11.8", "profile_name": "mcasb_pipeline", "target_name": "dev", "node_id": "test.mcasb_pipeline.not_null_stg_daily_prices_volume.58430b3976"} */

    
    select
      count(*) as failures,
      count(*) != 0 as should_warn,
      count(*) != 0 as should_error
    from (
      
    
  
    
    



select volume
from `warehouse`.`stg_daily_prices`
where volume is null



  
  
    ) dbt_internal_test...
[0m21:06:09.569656 [debug] [Thread-1 (]: dbt_clickhouse adapter: SQL status: OK in 0.20 seconds
[0m21:06:09.572412 [info ] [Thread-1 (]: 4 of 4 PASS not_null_stg_daily_prices_volume ................................... [[32mPASS[0m in 0.22s]
[0m21:06:09.573253 [debug] [Thread-1 (]: Finished running node test.mcasb_pipeline.not_null_stg_daily_prices_volume.58430b3976
[0m21:06:09.574786 [debug] [MainThread]: Connection 'master' was properly closed.
[0m21:06:09.575251 [debug] [MainThread]: Connection 'test.mcasb_pipeline.not_null_stg_daily_prices_volume.58430b3976' was left open.
[0m21:06:09.575763 [debug] [MainThread]: On test.mcasb_pipeline.not_null_stg_daily_prices_volume.58430b3976: Close
[0m21:06:09.576297 [info ] [MainThread]: 
[0m21:06:09.576873 [info ] [MainThread]: Finished running 4 data tests in 0 hours 0 minutes and 0.75 seconds (0.75s).
[0m21:06:09.578199 [debug] [MainThread]: Command end result
[0m21:06:09.611600 [debug] [MainThread]: Wrote artifact WritableManifest to /workspaces/MCAsb-Pipeline/05_transformation/target/manifest.json
[0m21:06:09.613643 [debug] [MainThread]: Wrote artifact SemanticManifest to /workspaces/MCAsb-Pipeline/05_transformation/target/semantic_manifest.json
[0m21:06:09.620521 [debug] [MainThread]: Wrote artifact RunExecutionResult to /workspaces/MCAsb-Pipeline/05_transformation/target/run_results.json
[0m21:06:09.621012 [info ] [MainThread]: 
[0m21:06:09.621620 [info ] [MainThread]: [32mCompleted successfully[0m
[0m21:06:09.622139 [info ] [MainThread]: 
[0m21:06:09.622729 [info ] [MainThread]: Done. PASS=4 WARN=0 ERROR=0 SKIP=0 NO-OP=0 TOTAL=4
[0m21:06:09.624178 [debug] [MainThread]: Resource report: {"command_name": "test", "command_success": true, "command_wall_clock_time": 2.0593925, "process_in_blocks": "114272", "process_kernel_time": 0.508561, "process_mem_max_rss": "137732", "process_out_blocks": "2608", "process_user_time": 4.506942}
[0m21:06:09.624962 [debug] [MainThread]: Command `dbt test` succeeded at 21:06:09.624832 after 2.06 seconds
[0m21:06:09.625706 [debug] [MainThread]: Sending event: {'category': 'dbt', 'action': 'invocation', 'label': 'end', 'context': [<snowplow_tracker.self_describing_json.SelfDescribingJson object at 0x7c56edd01eb0>, <snowplow_tracker.self_describing_json.SelfDescribingJson object at 0x7c56edd895e0>, <snowplow_tracker.self_describing_json.SelfDescribingJson object at 0x7c56ec9e33b0>]}
[0m21:06:09.626619 [debug] [MainThread]: Flushing usage events
[0m21:06:09.777789 [debug] [MainThread]: An error was encountered while trying to flush usage events
